[debug] [2019-06-11T02:28:22.958Z] ----------------------------------------------------------------------
[debug] [2019-06-11T02:28:22.960Z] Command:       /usr/local/bin/node /usr/local/bin/firebase serve
[debug] [2019-06-11T02:28:22.960Z] CLI Version:   6.11.0
[debug] [2019-06-11T02:28:22.960Z] Platform:      darwin
[debug] [2019-06-11T02:28:22.960Z] Node Version:  v10.12.0
[debug] [2019-06-11T02:28:22.963Z] Time:          Mon Jun 10 2019 19:28:22 GMT-0700 (Pacific Daylight Time)
[debug] [2019-06-11T02:28:22.963Z] ----------------------------------------------------------------------
[debug] 
[debug] [2019-06-11T02:28:22.973Z] > command requires scopes: ["email","openid","https://www.googleapis.com/auth/cloudplatformprojects.readonly","https://www.googleapis.com/auth/firebase","https://www.googleapis.com/auth/cloud-platform"]
[debug] [2019-06-11T02:28:22.973Z] > authorizing via signed-in user
[debug] [2019-06-11T02:28:22.973Z] [iam] checking project gps-client-6e57f for permissions ["firebase.projects.get"]
[debug] [2019-06-11T02:28:22.975Z] > refreshing access token with scopes: ["email","https://www.googleapis.com/auth/cloud-platform","https://www.googleapis.com/auth/cloudplatformprojects.readonly","https://www.googleapis.com/auth/firebase","openid"]
[debug] [2019-06-11T02:28:22.975Z] >>> HTTP REQUEST POST https://www.googleapis.com/oauth2/v3/token  
 <request body omitted>
[debug] [2019-06-11T02:28:23.174Z] <<< HTTP RESPONSE 200
[debug] [2019-06-11T02:28:23.191Z] >>> HTTP REQUEST POST https://cloudresourcemanager.googleapis.com/v1/projects/gps-client-6e57f:testIamPermissions  

[debug] [2019-06-11T02:28:23.628Z] <<< HTTP RESPONSE 200
[debug] [2019-06-11T02:28:23.630Z] >>> HTTP REQUEST GET https://cloudresourcemanager.googleapis.com/v1/projects/gps-client-6e57f  
 
[debug] [2019-06-11T02:28:23.988Z] <<< HTTP RESPONSE 200
[info] 
[info] === Serving from '/Users/kdxcii/Projects/gps-service'...
[info] 
[warn] ⚠  Your requested "node" version "8" doesn't match your global version "10"
[debug] [2019-06-11T02:28:23.998Z] >>> HTTP REQUEST GET https://mobilesdk-pa.googleapis.com/v1/projects/964946327012:getServerAppConfig  
 
[debug] [2019-06-11T02:28:24.243Z] <<< HTTP RESPONSE 200
[info] ✔  functions: Emulator started at http://localhost:5000
[info] i  functions: Watching "/Users/kdxcii/Projects/gps-service/functions" for Cloud Functions...
[debug] [2019-06-11T02:28:24.507Z] Functions runtime initialized.
[debug] [2019-06-11T02:28:24.508Z] Disabled runtime features: {"functions_config_helper":true,"network_filtering":true,"timeout":true,"memory_limiting":true,"protect_env":true,"admin_stubs":true}
[debug] [2019-06-11T02:28:25.058Z] firebase-admin has been stubbed.
[info] i  Your code has been provided a "firebase-admin" instance.
[warn] ⚠  /Users/kdxcii/Projects/gps-service/functions/handlers/jobs.js:131
        return db.doc(`/jobs/${}`)
                               ^

SyntaxError: Unexpected token }
    at new Script (vm.js:79:7)
    at createScript (vm.js:251:10)
    at Object.runInThisContext (vm.js:303:10)
    at Module._compile (internal/modules/cjs/loader.js:656:28)
    at Object.Module._extensions..js (internal/modules/cjs/loader.js:699:10)
    at Module.load (internal/modules/cjs/loader.js:598:32)
    at tryModuleLoad (internal/modules/cjs/loader.js:537:12)
    at Function.Module._load (internal/modules/cjs/loader.js:529:3)
    at Module.require (internal/modules/cjs/loader.js:636:17)
    at require (internal/modules/cjs/helpers.js:20:18)
[warn] ⚠  Your function was killed because it raised an unhandled error.
[debug] [2019-06-11T02:28:33.532Z] File /Users/kdxcii/Projects/gps-service/functions/handlers/jobs.js changed, reloading triggers
[debug] [2019-06-11T02:28:34.812Z] Functions runtime initialized.
[debug] [2019-06-11T02:28:34.813Z] Disabled runtime features: {"functions_config_helper":true,"network_filtering":true,"timeout":true,"memory_limiting":true,"protect_env":true,"admin_stubs":true}
[debug] [2019-06-11T02:28:35.326Z] firebase-admin has been stubbed.
[info] i  Your code has been provided a "firebase-admin" instance.
[info] i  functions: HTTP trigger initialized at http://localhost:5000/gps-client-6e57f/us-central1/api
[debug] [2019-06-11T02:28:41.563Z] Accepted request GET /gps-client-6e57f/us-central1/api/customers --> api
[debug] [2019-06-11T02:28:41.810Z] Functions runtime initialized.
[info] i  functions: Beginning execution of "api"
[debug] [2019-06-11T02:28:41.811Z] Disabled runtime features: {"functions_config_helper":true,"network_filtering":true,"timeout":true,"memory_limiting":true,"protect_env":true,"admin_stubs":true}
[debug] [2019-06-11T02:28:42.329Z] firebase-admin has been stubbed.
[info] i  Your code has been provided a "firebase-admin" instance.
[debug] [2019-06-11T02:28:42.570Z] Trigger "api" has been found, beginning invocation!
[debug] [2019-06-11T02:28:42.570Z] 
[debug] [2019-06-11T02:28:42.570Z] Running api in mode HTTPS
[debug] [2019-06-11T02:28:42.576Z] {"socketPath":"/var/folders/bp/kr2cr9096fv74vht1dtvcsjm0000gn/T/firebase_emulator_invocation_41989.sock"}
[debug] [2019-06-11T02:28:42.578Z] [functions] Runtime ready! Sending request! {"socketPath":"/var/folders/bp/kr2cr9096fv74vht1dtvcsjm0000gn/T/firebase_emulator_invocation_41989.sock"}
[debug] [2019-06-11T02:28:42.586Z] Ephemeral server used!
[debug] [2019-06-11T02:28:42.750Z] Ephemeral server survived.
[info] i  functions: Finished "api" in ~1s
[debug] [2019-06-11T02:29:39.008Z] Accepted request GET /gps-client-6e57f/us-central1/api/jobsbydate --> api
[debug] [2019-06-11T02:29:39.256Z] Functions runtime initialized.
[info] i  functions: Beginning execution of "api"
[debug] [2019-06-11T02:29:39.257Z] Disabled runtime features: {"functions_config_helper":true,"network_filtering":true,"timeout":true,"memory_limiting":true,"protect_env":true,"admin_stubs":true}
[debug] [2019-06-11T02:29:39.770Z] firebase-admin has been stubbed.
[info] i  Your code has been provided a "firebase-admin" instance.
[debug] [2019-06-11T02:29:40.017Z] Trigger "api" has been found, beginning invocation!
[debug] [2019-06-11T02:29:40.017Z] 
[debug] [2019-06-11T02:29:40.017Z] Running api in mode HTTPS
[debug] [2019-06-11T02:29:40.024Z] {"socketPath":"/var/folders/bp/kr2cr9096fv74vht1dtvcsjm0000gn/T/firebase_emulator_invocation_42003.sock"}
[debug] [2019-06-11T02:29:40.025Z] [functions] Runtime ready! Sending request! {"socketPath":"/var/folders/bp/kr2cr9096fv74vht1dtvcsjm0000gn/T/firebase_emulator_invocation_42003.sock"}
[debug] [2019-06-11T02:29:40.044Z] Ephemeral server used!
[debug] [2019-06-11T02:29:40.166Z] Ephemeral server survived.
[info] >  [ { customer: 'Mike Reyes',
[info] >      createdAt: '2019-06-10T23:13:30.598Z',
[info] >      jobDate: '10/25/19',
[info] >      createdBy: 'Kevin Crawford1',
[info] >      notified: false,
[info] >      description: 'check filter',
[info] >      parts: 'none',
[info] >      comments: 'call before' },
[info] >    { customer: 'Mike Reyes',
[info] >      createdAt: '2019-06-10T23:08:22.442Z',
[info] >      jobDate: '10/25/19',
[info] >      createdBy: 'kevinC',
[info] >      notified: false,
[info] >      description: 'check filter',
[info] >      parts: 'none',
[info] >      comments: 'call before' },
[info] >    { customer: 'Tom Hanks',
[info] >      createdAt: '2019-06-10T23:03:34.862Z',
[info] >      jobDate: '10/25/19',
[info] >      createdBy: 'kevin',
[info] >      notified: false,
[info] >      description: 'check filter',
[info] >      parts: 'none',
[info] >      comments: 'call before' },
[info] >    { customer: 'hom tanks',
[info] >      createdAt: '2019-06-10T23:03:51.170Z',
[info] >      jobDate: '10/25/19',
[info] >      createdBy: 'kevin',
[info] >      notified: false,
[info] >      description: 'check filter',
[info] >      parts: 'none',
[info] >      comments: 'call before' },
[info] >    { customer: 'hom tanks',
[info] >      createdAt: '2019-06-10T23:05:26.961Z',
[info] >      jobDate: '10/25/19',
[info] >      createdBy: 'kdxciii',
[info] >      notified: false,
[info] >      description: 'check filter',
[info] >      parts: 'none',
[info] >      comments: 'call before' },
[info] >    { customer: 'why Reyes',
[info] >      createdAt: '2019-06-11T00:06:27.025Z',
[info] >      jobDate: '10/25/19',
[info] >      createdBy: 'Kevin Crawford1',
[info] >      notified: false,
[info] >      description: 'check filter',
[info] >      parts: 'none',
[info] >      comments: 'call before' } ]
[info] i  functions: Finished "api" in ~1s
[debug] [2019-06-11T02:29:56.964Z] File /Users/kdxcii/Projects/gps-service/functions/handlers/jobs.js changed, reloading triggers
[debug] [2019-06-11T02:29:58.215Z] Functions runtime initialized.
[debug] [2019-06-11T02:29:58.216Z] Disabled runtime features: {"functions_config_helper":true,"network_filtering":true,"timeout":true,"memory_limiting":true,"protect_env":true,"admin_stubs":true}
[debug] [2019-06-11T02:29:58.778Z] firebase-admin has been stubbed.
[info] i  Your code has been provided a "firebase-admin" instance.
[debug] [2019-06-11T02:30:09.751Z] Accepted request GET /gps-client-6e57f/us-central1/api/jobsbydate --> api
[debug] [2019-06-11T02:30:09.999Z] Functions runtime initialized.
[info] i  functions: Beginning execution of "api"
[debug] [2019-06-11T02:30:10.000Z] Disabled runtime features: {"functions_config_helper":true,"network_filtering":true,"timeout":true,"memory_limiting":true,"protect_env":true,"admin_stubs":true}
[debug] [2019-06-11T02:30:10.520Z] firebase-admin has been stubbed.
[info] i  Your code has been provided a "firebase-admin" instance.
[debug] [2019-06-11T02:30:10.766Z] Trigger "api" has been found, beginning invocation!
[debug] [2019-06-11T02:30:10.766Z] 
[debug] [2019-06-11T02:30:10.766Z] Running api in mode HTTPS
[debug] [2019-06-11T02:30:10.772Z] {"socketPath":"/var/folders/bp/kr2cr9096fv74vht1dtvcsjm0000gn/T/firebase_emulator_invocation_42026.sock"}
[debug] [2019-06-11T02:30:10.773Z] [functions] Runtime ready! Sending request! {"socketPath":"/var/folders/bp/kr2cr9096fv74vht1dtvcsjm0000gn/T/firebase_emulator_invocation_42026.sock"}
[debug] [2019-06-11T02:30:10.787Z] Ephemeral server used!
[debug] [2019-06-11T02:30:10.907Z] Ephemeral server survived.
[info] >  [ { customer: 'Mike Reyes',
[info] >      createdAt: '2019-06-10T23:13:30.598Z',
[info] >      jobId: 'IO3BKjkyy0tahwXVbGVs',
[info] >      jobDate: '10/25/19',
[info] >      createdBy: 'Kevin Crawford1',
[info] >      notified: false,
[info] >      description: 'check filter',
[info] >      parts: 'none',
[info] >      comments: 'call before' },
[info] >    { customer: 'Mike Reyes',
[info] >      createdAt: '2019-06-10T23:08:22.442Z',
[info] >      jobId: 'okqEA2MAzdds2YTDBfFu',
[info] >      jobDate: '10/25/19',
[info] >      createdBy: 'kevinC',
[info] >      notified: false,
[info] >      description: 'check filter',
[info] >      parts: 'none',
[info] >      comments: 'call before' },
[info] >    { customer: 'Tom Hanks',
[info] >      createdAt: '2019-06-10T23:03:34.862Z',
[info] >      jobId: 'Oz4dffTd0F9VtJTP8zJY',
[info] >      jobDate: '10/25/19',
[info] >      createdBy: 'kevin',
[info] >      notified: false,
[info] >      description: 'check filter',
[info] >      parts: 'none',
[info] >      comments: 'call before' },
[info] >    { customer: 'hom tanks',
[info] >      createdAt: '2019-06-10T23:03:51.170Z',
[info] >      jobId: 'Syd69hliJcjioMlETuq9',
[info] >      jobDate: '10/25/19',
[info] >      createdBy: 'kevin',
[info] >      notified: false,
[info] >      description: 'check filter',
[info] >      parts: 'none',
[info] >      comments: 'call before' },
[info] >    { customer: 'hom tanks',
[info] >      createdAt: '2019-06-10T23:05:26.961Z',
[info] >      jobId: 'TNKl2kW6eo6q6hPx3v6p',
[info] >      jobDate: '10/25/19',
[info] >      createdBy: 'kdxciii',
[info] >      notified: false,
[info] >      description: 'check filter',
[info] >      parts: 'none',
[info] >      comments: 'call before' },
[info] >    { customer: 'why Reyes',
[info] >      createdAt: '2019-06-11T00:06:27.025Z',
[info] >      jobId: 'ZbZmvAWGg2cIRo0Ud7eo',
[info] >      jobDate: '10/25/19',
[info] >      createdBy: 'Kevin Crawford1',
[info] >      notified: false,
[info] >      description: 'check filter',
[info] >      parts: 'none',
[info] >      comments: 'call before' } ]
[info] i  functions: Finished "api" in ~1s
[debug] [2019-06-11T02:33:11.751Z] File /Users/kdxcii/Projects/gps-service/functions/handlers/jobs.js changed, reloading triggers
[debug] [2019-06-11T02:33:13.045Z] Functions runtime initialized.
[debug] [2019-06-11T02:33:13.046Z] Disabled runtime features: {"functions_config_helper":true,"network_filtering":true,"timeout":true,"memory_limiting":true,"protect_env":true,"admin_stubs":true}
[debug] [2019-06-11T02:33:13.587Z] firebase-admin has been stubbed.
[info] i  Your code has been provided a "firebase-admin" instance.
[debug] [2019-06-11T02:34:10.824Z] File /Users/kdxcii/Projects/gps-service/functions/handlers/jobs.js changed, reloading triggers
[debug] [2019-06-11T02:34:11.983Z] File /Users/kdxcii/Projects/gps-service/functions/handlers/jobs.js changed, reloading triggers
[debug] [2019-06-11T02:34:12.072Z] Functions runtime initialized.
[debug] [2019-06-11T02:34:12.073Z] Disabled runtime features: {"functions_config_helper":true,"network_filtering":true,"timeout":true,"memory_limiting":true,"protect_env":true,"admin_stubs":true}
[debug] [2019-06-11T02:34:12.084Z] File /Users/kdxcii/Projects/gps-service/functions/handlers/jobs.js changed, reloading triggers
[debug] [2019-06-11T02:34:12.584Z] firebase-admin has been stubbed.
[info] i  Your code has been provided a "firebase-admin" instance.
[debug] [2019-06-11T02:34:13.324Z] Functions runtime initialized.
[debug] [2019-06-11T02:34:13.324Z] Disabled runtime features: {"functions_config_helper":true,"network_filtering":true,"timeout":true,"memory_limiting":true,"protect_env":true,"admin_stubs":true}
[debug] [2019-06-11T02:34:13.805Z] firebase-admin has been stubbed.
[info] i  Your code has been provided a "firebase-admin" instance.
[debug] [2019-06-11T17:58:41.358Z] Accepted request GET /gps-client-6e57f/us-central1/api/customers --> api
[debug] [2019-06-11T17:58:41.825Z] Functions runtime initialized.
[info] i  functions: Beginning execution of "api"
[debug] [2019-06-11T17:58:41.827Z] Disabled runtime features: {"functions_config_helper":true,"network_filtering":true,"timeout":true,"memory_limiting":true,"protect_env":true,"admin_stubs":true}
[debug] [2019-06-11T17:58:42.404Z] firebase-admin has been stubbed.
[info] i  Your code has been provided a "firebase-admin" instance.
[debug] [2019-06-11T17:58:42.746Z] Trigger "api" has been found, beginning invocation!
[debug] [2019-06-11T17:58:42.746Z] 
[debug] [2019-06-11T17:58:42.746Z] Running api in mode HTTPS
[debug] [2019-06-11T17:58:42.754Z] {"socketPath":"/var/folders/bp/kr2cr9096fv74vht1dtvcsjm0000gn/T/firebase_emulator_invocation_42315.sock"}
[debug] [2019-06-11T17:58:42.760Z] [functions] Runtime ready! Sending request! {"socketPath":"/var/folders/bp/kr2cr9096fv74vht1dtvcsjm0000gn/T/firebase_emulator_invocation_42315.sock"}
[debug] [2019-06-11T17:58:42.768Z] Ephemeral server used!
[debug] [2019-06-11T17:58:42.936Z] Ephemeral server survived.
[info] i  functions: Finished "api" in ~1s
[debug] [2019-06-11T18:29:56.011Z] File /Users/kdxcii/Projects/gps-service/functions/handlers/jobs.js changed, reloading triggers
[debug] [2019-06-11T18:29:57.295Z] Functions runtime initialized.
[debug] [2019-06-11T18:29:57.296Z] Disabled runtime features: {"functions_config_helper":true,"network_filtering":true,"timeout":true,"memory_limiting":true,"protect_env":true,"admin_stubs":true}
[debug] [2019-06-11T18:29:57.858Z] firebase-admin has been stubbed.
[info] i  Your code has been provided a "firebase-admin" instance.
[debug] [2019-06-12T00:04:56.808Z] File /Users/kdxcii/Projects/gps-service/functions/index.js changed, reloading triggers
[debug] [2019-06-12T00:04:58.117Z] Functions runtime initialized.
[debug] [2019-06-12T00:04:58.118Z] Disabled runtime features: {"functions_config_helper":true,"network_filtering":true,"timeout":true,"memory_limiting":true,"protect_env":true,"admin_stubs":true}
[debug] [2019-06-12T00:04:58.651Z] firebase-admin has been stubbed.
[info] i  Your code has been provided a "firebase-admin" instance.
[warn] ⚠  Error: Route.get() requires a callback function but got a [object Undefined]
    at Route.(anonymous function) [as get] (/Users/kdxcii/Projects/gps-service/functions/node_modules/express/lib/router/route.js:202:15)
    at Function.app.(anonymous function) [as get] (/Users/kdxcii/Projects/gps-service/functions/node_modules/express/lib/application.js:482:19)
    at Object.<anonymous> (/Users/kdxcii/Projects/gps-service/functions/index.js:20:5)
    at Module._compile (internal/modules/cjs/loader.js:688:30)
    at Object.Module._extensions..js (internal/modules/cjs/loader.js:699:10)
    at Module.load (internal/modules/cjs/loader.js:598:32)
    at tryModuleLoad (internal/modules/cjs/loader.js:537:12)
    at Function.Module._load (internal/modules/cjs/loader.js:529:3)
    at Module.require (internal/modules/cjs/loader.js:636:17)
    at require (internal/modules/cjs/helpers.js:20:18)
[warn] ⚠  Your function was killed because it raised an unhandled error.
